[INFO  - 2018-11-19T03:07:36.462Z] GhostDriver - Main - running on port 58939
[INFO  - 2018-11-19T03:07:39.953Z] Session [463176c0-eba8-11e8-bfaa-f964b1658f2e] - page.settings - {"XSSAuditingEnabled":false,"javascriptCanCloseWindows":true,"javascriptCanOpenWindows":true,"javascriptEnabled":true,"loadImages":true,"localToRemoteUrlAccessEnabled":false,"userAgent":"Mozilla/5.0 (Windows NT 6.2; WOW64) AppleWebKit/538.1 (KHTML, like Gecko) PhantomJS/2.1.1 Safari/538.1","webSecurityEnabled":true}
[INFO  - 2018-11-19T03:07:39.953Z] Session [463176c0-eba8-11e8-bfaa-f964b1658f2e] - page.customHeaders:  - {}
[INFO  - 2018-11-19T03:07:39.953Z] Session [463176c0-eba8-11e8-bfaa-f964b1658f2e] - Session.negotiatedCapabilities - {"browserName":"phantomjs","version":"2.1.1","driverName":"ghostdriver","driverVersion":"1.2.0","platform":"windows-10-32bit","javascriptEnabled":true,"takesScreenshot":true,"handlesAlerts":false,"databaseEnabled":false,"locationContextEnabled":false,"applicationCacheEnabled":false,"browserConnectionEnabled":false,"cssSelectorsEnabled":true,"webStorageEnabled":false,"rotatable":false,"acceptSslCerts":false,"nativeEvents":true,"proxy":{"proxyType":"direct"}}
[INFO  - 2018-11-19T03:07:39.953Z] SessionManagerReqHand - _postNewSessionCommand - New Session Created: 463176c0-eba8-11e8-bfaa-f964b1658f2e
[ERROR - 2018-11-19T03:07:44.301Z] Session [463176c0-eba8-11e8-bfaa-f964b1658f2e] - page.onError - msg: TypeError: null is not an object (evaluating 'g.shift')

  phantomjs://platform/console++.js:263 in error
[ERROR - 2018-11-19T03:07:44.301Z] Session [463176c0-eba8-11e8-bfaa-f964b1658f2e] - page.onError - stack:
  h (https://connect.facebook.net/en_US/sdk.js:76)

  phantomjs://platform/console++.js:263 in error
[ERROR - 2018-11-19T03:09:01.625Z] Session [463176c0-eba8-11e8-bfaa-f964b1658f2e] - page.onError - msg: TypeError: null is not an object (evaluating 'g.shift')

  phantomjs://platform/console++.js:263 in error
[ERROR - 2018-11-19T03:09:01.625Z] Session [463176c0-eba8-11e8-bfaa-f964b1658f2e] - page.onError - stack:
  h (https://connect.facebook.net/en_US/sdk.js:76)

  phantomjs://platform/console++.js:263 in error
[ERROR - 2018-11-19T03:09:08.510Z] Session [463176c0-eba8-11e8-bfaa-f964b1658f2e] - page.onError - msg: TypeError: null is not an object (evaluating 'g.shift')

  phantomjs://platform/console++.js:263 in error
[ERROR - 2018-11-19T03:09:08.510Z] Session [463176c0-eba8-11e8-bfaa-f964b1658f2e] - page.onError - stack:
  h (https://connect.facebook.net/en_US/sdk.js:76)

  phantomjs://platform/console++.js:263 in error
[ERROR - 2018-11-19T03:09:11.608Z] Session [463176c0-eba8-11e8-bfaa-f964b1658f2e] - page.onError - msg: TypeError: null is not an object (evaluating 'g.shift')

  phantomjs://platform/console++.js:263 in error
[ERROR - 2018-11-19T03:09:11.609Z] Session [463176c0-eba8-11e8-bfaa-f964b1658f2e] - page.onError - stack:
  h (https://connect.facebook.net/en_US/sdk.js:76)

  phantomjs://platform/console++.js:263 in error
[INFO  - 2018-11-19T03:12:36.462Z] SessionManagerReqHand - _cleanupWindowlessSessions - Asynchronous Sessions clean-up phase starting NOW
[INFO  - 2018-11-19T03:17:36.462Z] SessionManagerReqHand - _cleanupWindowlessSessions - Asynchronous Sessions clean-up phase starting NOW
[INFO  - 2018-11-19T03:22:36.463Z] SessionManagerReqHand - _cleanupWindowlessSessions - Asynchronous Sessions clean-up phase starting NOW
